<?xml version="1.0" encoding="UTF-8"?>
<testng-results skipped="0" failed="0" ignored="0" total="1" passed="1">
  <reporter-output>
  </reporter-output>
  <suite name="Suite" duration-ms="23474" started-at="2022-01-23T17:57:55 IST" finished-at="2022-01-23T17:58:19 IST">
    <groups>
    </groups>
    <test name="itindustry" duration-ms="23474" started-at="2022-01-23T17:57:55 IST" finished-at="2022-01-23T17:58:19 IST">
      <class name="great.itindustry">
        <test-method status="PASS" signature="itindustry()[pri:0, instance:great.itindustry@4e9ba398]" name="itindustry" duration-ms="23445" started-at="2022-01-23T17:57:55 IST" finished-at="2022-01-23T17:58:19 IST">
          <reporter-output>
          </reporter-output>
        </test-method> <!-- itindustry -->
      </class> <!-- great.itindustry -->
    </test> <!-- itindustry -->
  </suite> <!-- Suite -->
</testng-results>
